#
# There is insufficient memory for the Java Runtime Environment to continue.
# Native memory allocation (malloc) failed to allocate 1048576 bytes for AllocateHeap
# Possible reasons:
#   The system is out of physical RAM or swap space
#   The process is running with CompressedOops enabled, and the Java Heap may be blocking the growth of the native heap
# Possible solutions:
#   Reduce memory load on the system
#   Increase physical memory or swap space
#   Check if swap backing store is full
#   Decrease Java heap size (-Xmx/-Xms)
#   Decrease number of Java threads
#   Decrease Java thread stack sizes (-Xss)
#   Set larger code cache with -XX:ReservedCodeCacheSize=
#   JVM is running with Zero Based Compressed Oops mode in which the Java heap is
#     placed in the first 32GB address space. The Java Heap base address is the
#     maximum limit for the native heap growth. Please use -XX:HeapBaseMinAddress
#     to set the Java Heap base and to place the Java Heap above 32GB virtual address.
# This output file may be truncated or incomplete.
#
#  Out of Memory Error (allocation.cpp:44), pid=3296, tid=20572
#
# JRE version:  (17.0.9+7) (build )
# Java VM: OpenJDK 64-Bit Server VM (17.0.9+7-b1087.7, mixed mode, sharing, tiered, compressed oops, compressed class ptrs, g1 gc, windows-amd64)
# No core dump will be written. Minidumps are not enabled by default on client versions of Windows
#

---------------  S U M M A R Y ------------

Command Line: git4idea.http.GitAskPassApp Username for 'https://github.com': 

Host: Intel(R) Core(TM) i5-7200U CPU @ 2.50GHz, 4 cores, 15G,  Windows 11 , 64 bit Build 22000 (10.0.22000.2600)
Time: Sun Mar  3 21:38:16 2024 Sri Lanka Standard Time elapsed time: 0.084638 seconds (0d 0h 0m 0s)

---------------  T H R E A D  ---------------

Current thread (0x0000021b49a5d540):  JavaThread "Unknown thread" [_thread_in_vm, id=20572, stack(0x000000e0e0900000,0x000000e0e0a00000)]

Stack: [0x000000e0e0900000,0x000000e0e0a00000]
Native frames: (J=compiled Java code, j=interpreted, Vv=VM code, C=native code)
V  [jvm.dll+0x6886e9]
V  [jvm.dll+0x841e4a]
V  [jvm.dll+0x843a8e]
V  [jvm.dll+0x8440f3]
V  [jvm.dll+0x24c14f]
V  [jvm.dll+0xa6b5b]
V  [jvm.dll+0x2ec017]
V  [jvm.dll+0x2e3cab]
V  [jvm.dll+0x8129f1]
V  [jvm.dll+0x3720c1]
V  [jvm.dll+0x7f152c]
V  [jvm.dll+0x3f5d4f]
V  [jvm.dll+0x3f7981]
C  [jli.dll+0x528f]
C  [ucrtbase.dll+0x26c0c]
C  [KERNEL32.DLL+0x153e0]
C  [ntdll.dll+0x485b]


---------------  P R O C E S S  ---------------

Threads class SMR info:
_java_thread_list=0x00007ffac61bef18, length=0, elements={
}

Java Threads: ( => current thread )

Other Threads:
  0x0000021b49ac6ca0 GCTaskThread "GC Thread#0" [stack: 0x000000e0e0a00000,0x000000e0e0b00000] [id=25116]

[error occurred during error reporting (printing all threads), id 0xc0000005, EXCEPTION_ACCESS_VIOLATION (0xc0000005) at pc=0x00007ffac5970f60]

VM state: not at safepoint (not fully initialized)

VM Mutex/Monitor currently owned by a thread:  ([mutex/lock_event])
[0x0000021b49a585f0] Heap_lock - owner thread: 0x0000021b49a5d540

Heap address: 0x0000000701c00000, size: 4068 MB, Compressed Oops mode: Zero based, Oop shift amount: 3

CDS archive(s) mapped at: [0x0000000000000000-0x0000000000000000-0x0000000000000000), size 0, SharedBaseAddress: 0x0000000800000000, ArchiveRelocationMode: 1.
Narrow klass base: 0x0000000000000000, Narrow klass shift: 0, Narrow klass range: 0x0

GC Precious Log:
<Empty>

Heap:
 garbage-first heap   total 0K, used 0K [0x0000000701c00000, 0x0000000800000000)
  region size 2048K, 0 young (0K), 0 survivors (0K)
 Metaspace       used 0K, committed 0K, reserved 0K
  class space    used 0K, committed 0K, reserved 0K

Heap Regions: E=young(eden), S=young(survivor), O=old, HS=humongous(starts), HC=humongous(continues), CS=collection set, F=free, OA=open archive, CA=closed archive, TAMS=top-at-mark-start (previous, next)

Card table byte_map: [0x0000021b5e7e0000,0x0000021b5efe0000] _byte_map_base: 0x0000021b5afd2000

GC Heap History (0 events):
No events

Dll operation events (1 events):
Event: 0.012 Loaded shared library C:\Program Files\JetBrains\IntelliJ IDEA 2023.3\jbr\bin\java.dll

Deoptimization events (0 events):
No events

Classes unloaded (0 events):
No events

Classes redefined (0 events):
No events

Internal exceptions (0 events):
No events

VM Operations (0 events):
No events

Events (0 events):
No events


Dynamic libraries:
0x00007ff6ba360000 - 0x00007ff6ba36a000 	C:\Program Files\JetBrains\IntelliJ IDEA 2023.3\jbr\bin\java.exe
0x00007ffb57060000 - 0x00007ffb57269000 	C:\WINDOWS\SYSTEM32\ntdll.dll
0x00007ffb331b0000 - 0x00007ffb331c9000 	C:\Program Files\Avast Software\Avast\aswhook.dll
0x00007ffb563f0000 - 0x00007ffb564ad000 	C:\WINDOWS\System32\KERNEL32.DLL
0x00007ffb544a0000 - 0x00007ffb54825000 	C:\WINDOWS\System32\KERNELBASE.dll
0x00007ffb549c0000 - 0x00007ffb54ad1000 	C:\WINDOWS\System32\ucrtbase.dll
0x00007ffb43cc0000 - 0x00007ffb43cd7000 	C:\Program Files\JetBrains\IntelliJ IDEA 2023.3\jbr\bin\jli.dll
0x00007ffb41ba0000 - 0x00007ffb41bbb000 	C:\Program Files\JetBrains\IntelliJ IDEA 2023.3\jbr\bin\VCRUNTIME140.dll
0x00007ffb55600000 - 0x00007ffb557ac000 	C:\WINDOWS\System32\USER32.dll
0x00007ffb3fb40000 - 0x00007ffb3fde5000 	C:\WINDOWS\WinSxS\amd64_microsoft.windows.common-controls_6595b64144ccf1df_6.0.22000.2600_none_1b65155c6ae217ae\COMCTL32.dll
0x00007ffb54960000 - 0x00007ffb54986000 	C:\WINDOWS\System32\win32u.dll
0x00007ffb55030000 - 0x00007ffb550d3000 	C:\WINDOWS\System32\msvcrt.dll
0x00007ffb56eb0000 - 0x00007ffb56ed9000 	C:\WINDOWS\System32\GDI32.dll
0x00007ffb54ae0000 - 0x00007ffb54bfb000 	C:\WINDOWS\System32\gdi32full.dll
0x00007ffb54c00000 - 0x00007ffb54c9d000 	C:\WINDOWS\System32\msvcp_win.dll
0x00007ffb550e0000 - 0x00007ffb55111000 	C:\WINDOWS\System32\IMM32.DLL
0x00007ffb44130000 - 0x00007ffb4413c000 	C:\Program Files\JetBrains\IntelliJ IDEA 2023.3\jbr\bin\vcruntime140_1.dll
0x00007ffb059d0000 - 0x00007ffb05a5d000 	C:\Program Files\JetBrains\IntelliJ IDEA 2023.3\jbr\bin\msvcp140.dll
0x00007ffac5680000 - 0x00007ffac6303000 	C:\Program Files\JetBrains\IntelliJ IDEA 2023.3\jbr\bin\server\jvm.dll
0x00007ffb56b90000 - 0x00007ffb56c42000 	C:\WINDOWS\System32\ADVAPI32.dll
0x00007ffb56a70000 - 0x00007ffb56b12000 	C:\WINDOWS\System32\sechost.dll
0x00007ffb54990000 - 0x00007ffb549b7000 	C:\WINDOWS\System32\bcrypt.dll
0x00007ffb56930000 - 0x00007ffb56a52000 	C:\WINDOWS\System32\RPCRT4.dll
0x00007ffb52e30000 - 0x00007ffb52e7d000 	C:\WINDOWS\SYSTEM32\POWRPROF.dll
0x00007ffb3e380000 - 0x00007ffb3e389000 	C:\WINDOWS\SYSTEM32\WSOCK32.dll
0x00007ffb4e8a0000 - 0x00007ffb4e8d3000 	C:\WINDOWS\SYSTEM32\WINMM.dll
0x00007ffb56c70000 - 0x00007ffb56cdf000 	C:\WINDOWS\System32\WS2_32.dll
0x00007ffb4b9c0000 - 0x00007ffb4b9ca000 	C:\WINDOWS\SYSTEM32\VERSION.dll
0x00007ffb52f20000 - 0x00007ffb52f33000 	C:\WINDOWS\SYSTEM32\UMPDC.dll
0x00007ffb53630000 - 0x00007ffb53648000 	C:\WINDOWS\SYSTEM32\kernel.appcore.dll
0x00007ffb509f0000 - 0x00007ffb509fa000 	C:\Program Files\JetBrains\IntelliJ IDEA 2023.3\jbr\bin\jimage.dll
0x00007ffb52070000 - 0x00007ffb52291000 	C:\WINDOWS\SYSTEM32\DBGHELP.DLL
0x00007ffb49fd0000 - 0x00007ffb4a001000 	C:\WINDOWS\SYSTEM32\dbgcore.DLL
0x00007ffb54ca0000 - 0x00007ffb54d1f000 	C:\WINDOWS\System32\bcryptPrimitives.dll
0x00007ffb44190000 - 0x00007ffb441b5000 	C:\Program Files\JetBrains\IntelliJ IDEA 2023.3\jbr\bin\java.dll

dbghelp: loaded successfully - version: 4.0.5 - missing functions: none
symbol engine: initialized successfully - sym options: 0x614 - pdb path: .;C:\Program Files\JetBrains\IntelliJ IDEA 2023.3\jbr\bin;C:\WINDOWS\SYSTEM32;C:\Program Files\Avast Software\Avast;C:\WINDOWS\WinSxS\amd64_microsoft.windows.common-controls_6595b64144ccf1df_6.0.22000.2600_none_1b65155c6ae217ae;C:\Program Files\JetBrains\IntelliJ IDEA 2023.3\jbr\bin\server

VM Arguments:
java_command: git4idea.http.GitAskPassApp Username for 'https://github.com': 
java_class_path (initial): C:/Program Files/JetBrains/IntelliJ IDEA 2023.3/plugins/vcs-git/lib/git4idea-rt.jar;C:/Program Files/JetBrains/IntelliJ IDEA 2023.3/lib/externalProcess-rt.jar
Launcher Type: SUN_STANDARD

[Global flags]
     intx CICompilerCount                          = 3                                         {product} {ergonomic}
     uint ConcGCThreads                            = 1                                         {product} {ergonomic}
     uint G1ConcRefinementThreads                  = 4                                         {product} {ergonomic}
   size_t G1HeapRegionSize                         = 2097152                                   {product} {ergonomic}
    uintx GCDrainStackTargetSize                   = 64                                        {product} {ergonomic}
   size_t InitialHeapSize                          = 268435456                                 {product} {ergonomic}
   size_t MarkStackSize                            = 4194304                                   {product} {ergonomic}
   size_t MaxHeapSize                              = 4265607168                                {product} {ergonomic}
   size_t MinHeapDeltaBytes                        = 2097152                                   {product} {ergonomic}
   size_t MinHeapSize                              = 8388608                                   {product} {ergonomic}
    uintx NonNMethodCodeHeapSize                   = 5832780                                {pd product} {ergonomic}
    uintx NonProfiledCodeHeapSize                  = 122912730                              {pd product} {ergonomic}
    uintx ProfiledCodeHeapSize                     = 122912730                              {pd product} {ergonomic}
    uintx ReservedCodeCacheSize                    = 251658240                              {pd product} {ergonomic}
     bool SegmentedCodeCache                       = true                                      {product} {ergonomic}
   size_t SoftMaxHeapSize                          = 4265607168                             {manageable} {ergonomic}
     bool UseCompressedClassPointers               = true                           {product lp64_product} {ergonomic}
     bool UseCompressedOops                        = true                           {product lp64_product} {ergonomic}
     bool UseG1GC                                  = true                                      {product} {ergonomic}
     bool UseLargePagesIndividualAllocation        = false                                  {pd product} {ergonomic}

Logging:
Log output configuration:
 #0: stdout all=warning uptime,level,tags
 #1: stderr all=off uptime,level,tags

Environment Variables:
JAVA_HOME=C:\Program Files\Java\jdk-17
PATH=C:\Program Files\Git\mingw64\libexec\git-core;C:\Program Files\Git\mingw64\libexec\git-core;C:\Program Files\Git\mingw64\bin;C:\Program Files\Git\usr\bin;C:\Users\ashen\bin;C:\Program Files\Common Files\Oracle\Java\javapath;C:\Python311\Scripts;C:\Python311;C:\Program Files (x86)\Common Files\Oracle\Java\javapath;C:\WINDOWS\system32;C:\WINDOWS;C:\WINDOWS\System32\Wbem;C:\WINDOWS\System32\WindowsPowerShell\v1.0;C:\WINDOWS\System32\OpenSSH;C:\Program Files\dotnet;C:\Program Files\nodejs;C:\ProgramData\chocolatey\bin;C:\Program Files\dart-sass;C:\Program Files\MySQL\MySQL Server 8.1\bin;C:\ProgramData\ComposerSetup\bin;C:\Program Files\php-8.2.11;C:\Program Files\Git\cmd;C:\apache-maven-3.9.6-bin\apache-maven-3.9.6\bin;C:\Program Files\Java\jdk-17\bin;C:\Program Files\MySQL\MySQL Shell 8.0\bin;C:\Users\ashen\AppData\Local\Microsoft\WindowsApps;C:\Users\ashen\AppData\Local\Programs\Microsoft VS Code\bin;C:\Program Files\JetBrains\IntelliJ IDEA 2023.3\bin;C:\Users\ashen\AppData\Roaming\npm;C:\Users\ashen\AppData\Roaming\Composer\vendor\bin
USERNAME=ashen
DISPLAY=:0.0
LC_ALL=en_US.UTF-8
TERM=xterm-256color
TMPDIR=C:\Users\ashen\AppData\Local\Temp
OS=Windows_NT
PROCESSOR_IDENTIFIER=Intel64 Family 6 Model 142 Stepping 9, GenuineIntel
TMP=C:\Users\ashen\AppData\Local\Temp
TEMP=C:\Users\ashen\AppData\Local\Temp



Periodic native trim disabled

JNI global refs:
JNI global refs: 0, weak refs: 0

JNI global refs memory usage: 0, weak refs: 0

OOME stack traces (most recent first):
Classloader memory used:


---------------  S Y S T E M  ---------------

OS:
 Windows 11 , 64 bit Build 22000 (10.0.22000.2600)
OS uptime: 8 days 4:10 hours

CPU: total 4 (initial active 4) (2 cores per cpu, 2 threads per core) family 6 model 142 stepping 9 microcode 0xde, cx8, cmov, fxsr, ht, mmx, 3dnowpref, sse, sse2, sse3, ssse3, sse4.1, sse4.2, popcnt, lzcnt, tsc, tscinvbit, avx, avx2, aes, erms, clmul, bmi1, bmi2, adx, fma, vzeroupper, clflush, clflushopt
Processor Information for all 4 processors :
  Max Mhz: 2712, Current Mhz: 2511, Mhz Limit: 2495

Memory: 4k page, system-wide physical 16269M (1136M free)
TotalPageFile size 30481M (AvailPageFile size 2M)
current process WorkingSet (physical memory assigned to process): 10M, peak: 10M
current process commit charge ("private bytes"): 50M, peak: 51M

vm_info: OpenJDK 64-Bit Server VM (17.0.9+7-b1087.7) for windows-amd64 JRE (17.0.9+7-b1087.7), built on 2023-11-17 by "builduser" with MS VC++ 16.10 / 16.11 (VS2019)

END.
